<?xml version="1.0" encoding="UTF-8"?>
<testng-results ignored="0" total="2" passed="2" failed="0" skipped="0">
  <reporter-output>
  </reporter-output>
  <suite started-at="2018-08-28T12:28:35Z" name="Default suite" finished-at="2018-08-28T12:29:17Z" duration-ms="41254">
    <groups>
    </groups>
    <test started-at="2018-08-28T12:28:35Z" name="Default test" finished-at="2018-08-28T12:29:17Z" duration-ms="41254">
      <class name="automationFramework_TC.Hotels_TC">
        <test-method is-config="true" signature="beforeTest()[pri:0, instance:automationFramework_TC.Hotels_TC@623a8092]" started-at="2018-08-28T12:28:35Z" name="beforeTest" finished-at="2018-08-28T12:28:49Z" duration-ms="13892" status="PASS">
          <reporter-output>
          </reporter-output>
        </test-method> <!-- beforeTest -->
        <test-method signature="tc_hotelBook()[pri:1, instance:automationFramework_TC.Hotels_TC@623a8092]" started-at="2018-08-28T12:28:49Z" name="tc_hotelBook" finished-at="2018-08-28T12:29:10Z" duration-ms="20902" status="PASS">
          <reporter-output>
          </reporter-output>
        </test-method> <!-- tc_hotelBook -->
        <test-method signature="collapseDropdown()[pri:2, instance:automationFramework_TC.Hotels_TC@623a8092]" started-at="2018-08-28T12:29:10Z" name="collapseDropdown" finished-at="2018-08-28T12:29:17Z" duration-ms="6440" status="PASS">
          <reporter-output>
          </reporter-output>
        </test-method> <!-- collapseDropdown -->
        <test-method is-config="true" signature="TeardownTest()[pri:0, instance:automationFramework_TC.Hotels_TC@623a8092]" started-at="2018-08-28T12:29:17Z" name="TeardownTest" finished-at="2018-08-28T12:29:17Z" duration-ms="1" status="FAIL">
          <exception class="java.lang.NullPointerException">
            <full-stacktrace>
              <![CDATA[java.lang.NullPointerException
at common.CommonClass.TeardownTest(CommonClass.java:74)
at java.base/jdk.internal.reflect.NativeMethodAccessorImpl.invoke0(Native Method)
at java.base/jdk.internal.reflect.NativeMethodAccessorImpl.invoke(Unknown Source)
at java.base/jdk.internal.reflect.DelegatingMethodAccessorImpl.invoke(Unknown Source)
at java.base/java.lang.reflect.Method.invoke(Unknown Source)
at org.testng.internal.MethodInvocationHelper.invokeMethod(MethodInvocationHelper.java:124)
at org.testng.internal.MethodInvocationHelper.invokeMethodConsideringTimeout(MethodInvocationHelper.java:59)
at org.testng.internal.Invoker.invokeConfigurationMethod(Invoker.java:455)
at org.testng.internal.Invoker.invokeConfigurations(Invoker.java:222)
at org.testng.internal.Invoker.invokeConfigurations(Invoker.java:142)
at org.testng.SuiteRunner.privateRun(SuiteRunner.java:425)
at org.testng.SuiteRunner.run(SuiteRunner.java:364)
at org.testng.SuiteRunnerWorker.runSuite(SuiteRunnerWorker.java:52)
at org.testng.SuiteRunnerWorker.run(SuiteRunnerWorker.java:84)
at org.testng.TestNG.runSuitesSequentially(TestNG.java:1208)
at org.testng.TestNG.runSuitesLocally(TestNG.java:1137)
at org.testng.TestNG.runSuites(TestNG.java:1049)
at org.testng.TestNG.run(TestNG.java:1017)
at org.testng.remote.AbstractRemoteTestNG.run(AbstractRemoteTestNG.java:114)
at org.testng.remote.RemoteTestNG.initAndRun(RemoteTestNG.java:251)
at org.testng.remote.RemoteTestNG.main(RemoteTestNG.java:77)
]]>
            </full-stacktrace>
          </exception> <!-- java.lang.NullPointerException -->
          <reporter-output>
          </reporter-output>
        </test-method> <!-- TeardownTest -->
      </class> <!-- automationFramework_TC.Hotels_TC -->
    </test> <!-- Default test -->
  </suite> <!-- Default suite -->
</testng-results>
